<?xml version="1.0" encoding="UTF-8"?>
<!-- Generated by org.testng.reporters.JUnitReportReporter -->
<testsuite name="com.duobei.selenium.Demo" tests="1" time="1.295" ignored="0" failures="0" timestamp="21 六月 2019 20:45:57 GMT" skipped="0" hostname="zhangwengaodeMacBook-Pro.local" errors="0">
  <testcase name="test" time="1.295" classname="com.duobei.selenium.Demo"/>
</testsuite> <!-- com.duobei.selenium.Demo -->
