<?xml version="1.0" encoding="UTF-8"?>
<!-- Generated by org.testng.reporters.JUnitReportReporter -->
<testsuite name="com.duobei.selenium.CreateCourseFlash1vn" tests="1" time="9.199" ignored="0" failures="0" timestamp="24 六月 2019 07:31:21 GMT" skipped="0" hostname="zhangwengaodeMacBook-Pro.local" errors="0">
  <testcase name="test" time="9.199" classname="com.duobei.selenium.CreateCourseFlash1vn"/>
</testsuite> <!-- com.duobei.selenium.CreateCourseFlash1vn -->
