<?xml version="1.0" encoding="UTF-8"?>
<!-- Generated by org.testng.reporters.JUnitReportReporter -->
<testsuite name="com.duobei.selenium.CreateCourse_net" tests="1" time="14.171" ignored="0" failures="0" timestamp="26 六月 2019 01:58:01 GMT" skipped="0" hostname="zhangwengaodeMacBook-Pro.local" errors="0">
  <testcase name="test" time="14.171" classname="com.duobei.selenium.CreateCourse_net"/>
</testsuite> <!-- com.duobei.selenium.CreateCourse_net -->
